<?xml version="1.0" encoding="UTF-8"?>
<!-- Generated by org.testng.reporters.JUnitXMLReporter -->
<testsuite hostname="ATMECSINLT-269" name="SampleTest" tests="2" failures="0" timestamp="30 Mar 2020 16:59:36 GMT" time="92.846" errors="0">
  <testcase name="RegisterMember" time="16.282" classname="com.qa.automation.mystoreapp.testscript.NewCustomerRegistration"/>
  <testcase name="RegisterMember" time="15.24" classname="com.qa.automation.mystoreapp.testscript.NewCustomerRegistration"/>
</testsuite> <!-- SampleTest -->
