<?xml version="1.0" encoding="UTF-8"?>
<!-- Generated by org.testng.reporters.JUnitXMLReporter -->
<testsuite hostname="ATMECSINLT-269" name="SampleTest" tests="4" failures="0" timestamp="27 Mar 2020 13:21:15 GMT" time="45.333" errors="0">
  <testcase name="signIntoMyStore" time="25.381" classname="com.qa.automation.mystoreapp.testscript.MyStoreOrder"/>
  <testcase name="selectProductItem" time="8.105" classname="com.qa.automation.mystoreapp.testscript.MyStoreOrder"/>
  <testcase name="performCheckout" time="8.013" classname="com.qa.automation.mystoreapp.testscript.MyStoreOrder"/>
  <testcase name="confirmOrder" time="3.815" classname="com.qa.automation.mystoreapp.testscript.MyStoreOrder"/>
</testsuite> <!-- SampleTest -->
