<?xml version="1.0" encoding="UTF-8"?>
<!-- Generated by org.testng.reporters.JUnitXMLReporter -->
<testsuite hostname="ATMECSINLT-269" name="SampleTest" tests="1" failures="1" timestamp="26 Mar 2020 11:57:03 GMT" time="44.726" errors="0">
  <testcase name="signIntoMyStore" time="23.233" classname="com.qa.automation.mystoreapp.testscript.MyStoreLogin">
    <failure type="java.lang.NullPointerException">
      <![CDATA[java.lang.NullPointerException
	at com.qa.automation.mystoreapp.testscript.MyStoreLogin.signIntoMyStore(MyStoreLogin.java:38)
	at com.qa.automation.mystoreapp.runner.TestNGRunner.main(TestNGRunner.java:58)
	at org.codehaus.mojo.exec.ExecJavaMojo$1.run(ExecJavaMojo.java:294)
	at java.lang.Thread.run(Thread.java:748)
... Removed 25 stack frames]]>
    </failure>
  </testcase> <!-- signIntoMyStore -->
</testsuite> <!-- SampleTest -->
