<?xml version="1.0" encoding="UTF-8"?>
<testng-results skipped="0" failed="0" total="0" passed="0">
  <reporter-output>
  </reporter-output>
  <suite name="com.qa.automation.mystoreapp.AppTest" duration-ms="4" started-at="2020-03-30T16:58:02Z" finished-at="2020-03-30T16:58:02Z">
    <groups>
    </groups>
    <test name="Command line test" duration-ms="4" started-at="2020-03-30T16:58:02Z" finished-at="2020-03-30T16:58:02Z">
    </test> <!-- Command line test -->
  </suite> <!-- com.qa.automation.mystoreapp.AppTest -->
</testng-results>
