<?xml version="1.0" encoding="UTF-8"?>
<testng-results skipped="0" failed="0" total="2" passed="2">
  <reporter-output>
    <line>
      <![CDATA[INFO: The value found with Environment variable Falcon is: Falcon]]>
    </line>
    <line>
      <![CDATA[INFO: The value found with Environment Module variable sample is: sample]]>
    </line>
    <line>
      <![CDATA[The value found with Environment variable WIN_10_Firefox_74 is: WIN_10_Firefox_74]]>
    </line>
    <line>
      <![CDATA[INFO: Clients Found: [Falcon]
]]>
    </line>
    <line>
      <![CDATA[INFO: Modules Selected: [sample]
]]>
    </line>
    <line>
      <![CDATA[INFO: New Suite Created with name: Falcon-Sample-WIN_10_Firefox_74]]>
    </line>
    <line>
      <![CDATA[<?xml version="1.0" encoding="UTF-8"?>
<!DOCTYPE suite SYSTEM "http://testng.org/testng-1.0.dtd">
<suite name="Falcon-Sample-WIN_10_Firefox_74">
  <parameter name="os" value="WIN"/>
  <parameter name="osVersion" value="10"/>
  <parameter name="browser" value="Firefox"/>
  <parameter name="browserVersion" value="74"/>
  <test name="SampleTest">
    <classes>
      <class name="com.qa.automation.mystoreapp.testscript.NewCustomerRegistration"/>
    </classes>
  </test> <!-- SampleTest -->
</suite> <!-- Falcon-Sample-WIN_10_Firefox_74 -->
]]>
    </line>
    <line>
      <![CDATA[Opening browser: Firefox]]>
    </line>
    <line>
      <![CDATA[Maximizing browser window]]>
    </line>
    <line>
      <![CDATA[Register a new customer ]]>
    </line>
    <line>
      <![CDATA[clicking on sign in link]]>
    </line>
    <line>
      <![CDATA[Enter Email Address]]>
    </line>
    <line>
      <![CDATA[Click on create button]]>
    </line>
    <line>
      <![CDATA[Enter Customer First name]]>
    </line>
    <line>
      <![CDATA[Enter Customer Last name]]>
    </line>
    <line>
      <![CDATA[Enter Customer Password]]>
    </line>
    <line>
      <![CDATA[Select Day]]>
    </line>
    <line>
      <![CDATA[Select Month]]>
    </line>
    <line>
      <![CDATA[Select Year]]>
    </line>
    <line>
      <![CDATA[Enter Address1]]>
    </line>
    <line>
      <![CDATA[Enter City]]>
    </line>
    <line>
      <![CDATA[Enter State]]>
    </line>
    <line>
      <![CDATA[Enter Post coder]]>
    </line>
    <line>
      <![CDATA[Enter Country]]>
    </line>
    <line>
      <![CDATA[Enter Mobile number]]>
    </line>
    <line>
      <![CDATA[Enter Register Button]]>
    </line>
    <line>
      <![CDATA[Register a new customer ]]>
    </line>
    <line>
      <![CDATA[clicking on sign in link]]>
    </line>
    <line>
      <![CDATA[Enter Email Address]]>
    </line>
    <line>
      <![CDATA[Click on create button]]>
    </line>
    <line>
      <![CDATA[Enter Customer First name]]>
    </line>
    <line>
      <![CDATA[Enter Customer Last name]]>
    </line>
    <line>
      <![CDATA[Enter Customer Password]]>
    </line>
    <line>
      <![CDATA[Select Day]]>
    </line>
    <line>
      <![CDATA[Select Month]]>
    </line>
    <line>
      <![CDATA[Select Year]]>
    </line>
    <line>
      <![CDATA[Enter Address1]]>
    </line>
    <line>
      <![CDATA[Enter City]]>
    </line>
    <line>
      <![CDATA[Enter State]]>
    </line>
    <line>
      <![CDATA[Enter Post coder]]>
    </line>
    <line>
      <![CDATA[Enter Country]]>
    </line>
    <line>
      <![CDATA[Enter Mobile number]]>
    </line>
    <line>
      <![CDATA[Enter Register Button]]>
    </line>
  </reporter-output>
  <suite name="Falcon-Sample-WIN_10_Firefox_74" duration-ms="92846" started-at="2020-03-30T16:58:03Z" finished-at="2020-03-30T16:59:36Z">
    <groups>
    </groups>
    <test name="SampleTest" duration-ms="92846" started-at="2020-03-30T16:58:03Z" finished-at="2020-03-30T16:59:36Z">
      <class name="com.qa.automation.mystoreapp.testscript.NewCustomerRegistration">
        <test-method status="PASS" signature="preSetup()[pri:0, instance:com.qa.automation.mystoreapp.testscript.NewCustomerRegistration@10c82f2]" name="preSetup" is-config="true" duration-ms="51" started-at="2020-03-30T22:28:03Z" finished-at="2020-03-30T22:28:03Z">
          <reporter-output>
          </reporter-output>
        </test-method> <!-- preSetup -->
        <test-method status="PASS" signature="openMyStoreShoppingPage(java.lang.String, java.lang.String, java.lang.String, java.lang.String)[pri:0, instance:com.qa.automation.mystoreapp.testscript.NewCustomerRegistration@10c82f2]" name="openMyStoreShoppingPage" is-config="true" duration-ms="60081" started-at="2020-03-30T22:28:03Z" finished-at="2020-03-30T22:29:03Z">
          <params>
            <param index="0">
              <value>
                <![CDATA[WIN]]>
              </value>
            </param>
            <param index="1">
              <value>
                <![CDATA[10]]>
              </value>
            </param>
            <param index="2">
              <value>
                <![CDATA[Firefox]]>
              </value>
            </param>
            <param index="3">
              <value>
                <![CDATA[74]]>
              </value>
            </param>
          </params>
          <reporter-output>
            <line>
              <![CDATA[Opening browser: Firefox]]>
            </line>
            <line>
              <![CDATA[Maximizing browser window]]>
            </line>
          </reporter-output>
        </test-method> <!-- openMyStoreShoppingPage -->
        <test-method status="PASS" signature="RegisterMember(java.lang.String, java.lang.String, java.lang.String, java.lang.String, java.lang.String, java.lang.String, java.lang.String, java.lang.String)[pri:0, instance:com.qa.automation.mystoreapp.testscript.NewCustomerRegistration@10c82f2]" name="RegisterMember" duration-ms="16282" started-at="2020-03-30T22:29:05Z" data-provider="testdata" finished-at="2020-03-30T22:29:21Z">
          <params>
            <param index="0">
              <value>
                <![CDATA[mirali001248@gmail.com]]>
              </value>
            </param>
            <param index="1">
              <value>
                <![CDATA[Mir]]>
              </value>
            </param>
            <param index="2">
              <value>
                <![CDATA[Maqsood]]>
              </value>
            </param>
            <param index="3">
              <value>
                <![CDATA[mir1234888]]>
              </value>
            </param>
            <param index="4">
              <value>
                <![CDATA[issadan]]>
              </value>
            </param>
            <param index="5">
              <value>
                <![CDATA[Florida]]>
              </value>
            </param>
            <param index="6">
              <value>
                <![CDATA[36234]]>
              </value>
            </param>
            <param index="7">
              <value>
                <![CDATA[00919848012345]]>
              </value>
            </param>
          </params>
          <reporter-output>
            <line>
              <![CDATA[Register a new customer ]]>
            </line>
            <line>
              <![CDATA[clicking on sign in link]]>
            </line>
            <line>
              <![CDATA[Enter Email Address]]>
            </line>
            <line>
              <![CDATA[Click on create button]]>
            </line>
            <line>
              <![CDATA[Enter Customer First name]]>
            </line>
            <line>
              <![CDATA[Enter Customer Last name]]>
            </line>
            <line>
              <![CDATA[Enter Customer Password]]>
            </line>
            <line>
              <![CDATA[Select Day]]>
            </line>
            <line>
              <![CDATA[Select Month]]>
            </line>
            <line>
              <![CDATA[Select Year]]>
            </line>
            <line>
              <![CDATA[Enter Address1]]>
            </line>
            <line>
              <![CDATA[Enter City]]>
            </line>
            <line>
              <![CDATA[Enter State]]>
            </line>
            <line>
              <![CDATA[Enter Post coder]]>
            </line>
            <line>
              <![CDATA[Enter Country]]>
            </line>
            <line>
              <![CDATA[Enter Mobile number]]>
            </line>
            <line>
              <![CDATA[Enter Register Button]]>
            </line>
          </reporter-output>
        </test-method> <!-- RegisterMember -->
        <test-method status="PASS" signature="RegisterMember(java.lang.String, java.lang.String, java.lang.String, java.lang.String, java.lang.String, java.lang.String, java.lang.String, java.lang.String)[pri:0, instance:com.qa.automation.mystoreapp.testscript.NewCustomerRegistration@10c82f2]" name="RegisterMember" duration-ms="15240" started-at="2020-03-30T22:29:21Z" data-provider="testdata" finished-at="2020-03-30T22:29:36Z">
          <params>
            <param index="0">
              <value>
                <![CDATA[mirali001278@gmail.com]]>
              </value>
            </param>
            <param index="1">
              <value>
                <![CDATA[Mir]]>
              </value>
            </param>
            <param index="2">
              <value>
                <![CDATA[Maqsood]]>
              </value>
            </param>
            <param index="3">
              <value>
                <![CDATA[mir1234888]]>
              </value>
            </param>
            <param index="4">
              <value>
                <![CDATA[issadan]]>
              </value>
            </param>
            <param index="5">
              <value>
                <![CDATA[Florida]]>
              </value>
            </param>
            <param index="6">
              <value>
                <![CDATA[36234]]>
              </value>
            </param>
            <param index="7">
              <value>
                <![CDATA[00919848012345]]>
              </value>
            </param>
          </params>
          <reporter-output>
            <line>
              <![CDATA[Register a new customer ]]>
            </line>
            <line>
              <![CDATA[clicking on sign in link]]>
            </line>
            <line>
              <![CDATA[Enter Email Address]]>
            </line>
            <line>
              <![CDATA[Click on create button]]>
            </line>
            <line>
              <![CDATA[Enter Customer First name]]>
            </line>
            <line>
              <![CDATA[Enter Customer Last name]]>
            </line>
            <line>
              <![CDATA[Enter Customer Password]]>
            </line>
            <line>
              <![CDATA[Select Day]]>
            </line>
            <line>
              <![CDATA[Select Month]]>
            </line>
            <line>
              <![CDATA[Select Year]]>
            </line>
            <line>
              <![CDATA[Enter Address1]]>
            </line>
            <line>
              <![CDATA[Enter City]]>
            </line>
            <line>
              <![CDATA[Enter State]]>
            </line>
            <line>
              <![CDATA[Enter Post coder]]>
            </line>
            <line>
              <![CDATA[Enter Country]]>
            </line>
            <line>
              <![CDATA[Enter Mobile number]]>
            </line>
            <line>
              <![CDATA[Enter Register Button]]>
            </line>
          </reporter-output>
        </test-method> <!-- RegisterMember -->
      </class> <!-- com.qa.automation.mystoreapp.testscript.NewCustomerRegistration -->
    </test> <!-- SampleTest -->
  </suite> <!-- Falcon-Sample-WIN_10_Firefox_74 -->
</testng-results>
