<?xml version="1.0" encoding="UTF-8"?>
<!-- Generated by org.testng.reporters.JUnitXMLReporter -->
<testsuite hostname="ATMECSINLT-269" name="SampleTest" tests="4" failures="0" timestamp="30 Mar 2020 15:33:36 GMT" time="120.208" errors="0">
  <testcase name="signIntoMyStore" time="50.98" classname="com.qa.automation.mystoreapp.testscript.MyStoreOrder"/>
  <testcase name="addToCart" time="46.12" classname="com.qa.automation.mystoreapp.testscript.MyStoreOrder"/>
  <testcase name="performCheckout" time="17.27" classname="com.qa.automation.mystoreapp.testscript.MyStoreOrder"/>
  <testcase name="confirmOrder" time="5.821" classname="com.qa.automation.mystoreapp.testscript.MyStoreOrder"/>
</testsuite> <!-- SampleTest -->
