<?xml version="1.0" encoding="UTF-8"?>
<!-- Generated by org.testng.reporters.JUnitXMLReporter -->
<testsuite hostname="ATMECSINLT-269" name="SampleTest" tests="1" failures="1" timestamp="17 Mar 2020 11:24:12 GMT" time="10.862" errors="0">
  <testcase name="sampleTest" time="9.28" classname="FalconTesting.FalconTraining.testscript.SampleTestScript">
    <failure type="java.lang.AssertionError" message="expected [Selenium - Google Search] but found [Google]">
      <![CDATA[java.lang.AssertionError: expected [Selenium - Google Search] but found [Google]
	at com.atmecs.falcon.automation.verifyresult.VerificationManager.verifyString(VerificationManager.java:228)
	at FalconTesting.FalconTraining.testscript.SampleTestScript.sampleTest(SampleTestScript.java:35)
	at FalconTesting.FalconTraining.runner.TestNGRunner.main(TestNGRunner.java:58)
	at org.codehaus.mojo.exec.ExecJavaMojo$1.run(ExecJavaMojo.java:294)
	at java.lang.Thread.run(Thread.java:748)
... Removed 30 stack frames]]>
    </failure>
  </testcase> <!-- sampleTest -->
</testsuite> <!-- SampleTest -->
